<?xml version="1.0" encoding="UTF-8"?>
<testsuite name="com.admin.application.language.retrieve.ListLanguagesUserCaseTest" tests="1" skipped="0" failures="0" errors="0" timestamp="2023-05-08T18:09:12" hostname="DESKTOP-1IMD8U7" time="0.034">
  <properties/>
  <testcase name="givenListUseCase_whenCallsListLanguage_shouldReturnLanguagesList()" classname="com.admin.application.language.retrieve.ListLanguagesUserCaseTest" time="0.034"/>
  <system-out><![CDATA[]]></system-out>
  <system-err><![CDATA[]]></system-err>
</testsuite>
